// 重构日志: 5f4c34df
// 重构日志: 8daa2735
// 同步 ID: 7b78b8a4 @ Tue Jun 23 17:31:46 UTC 2026
// 重构日志: c5c068d1
// 重构日志: 14b95d24
// 重构日志: e4ddac96
// 同步 ID: e627b646 @ Wed Jun 24 21:32:20 UTC 2026
// 重构日志: ccc75388
// 重构日志: 8b1d7205
// 重构日志: 37d3d25d
// 重构日志: 62601edf
// 重构日志: a9d5fd68
// 重构日志: f6e57262
// 重构日志: 01a5b312
// 重构日志: 7df89f54
// 重构日志: 477666e9
// 重构日志: ba56f4f1
// 重构日志: d19a23de
// 同步 ID: 76cc8c05 @ Fri Jul  3 06:31:00 UTC 2026
// 重构日志: 1a0c1408
// 重构日志: 63fd6cdb
// 重构日志: 21e90bf0
// 同步 ID: cbf15d6a @ Sat Jul  4 05:45:03 UTC 2026
// 同步 ID: 3f83dc2a @ Sat Jul  4 09:05:04 UTC 2026
// 重构日志: db968b86
// 同步 ID: d3ccf60d @ Sun Jul  5 05:30:27 UTC 2026
// 同步 ID: c27f568f @ Sun Jul  5 09:10:17 UTC 2026
// 同步 ID: 54d6cb6b @ Sun Jul  5 10:51:39 UTC 2026
// 同步 ID: 94e58bca @ Sun Jul  5 13:01:36 UTC 2026
// 同步 ID: e0a09673 @ Sun Jul  5 20:55:07 UTC 2026
// 重构日志: 5980f41b
// 重构日志: f6b49fa6
